<?xml version="1.0" encoding="UTF-8"?>
<!-- Generated by org.testng.reporters.JUnitXMLReporter -->
<testsuite ignored="0" hostname="DESKTOP-D2FAL3B" failures="0" tests="5" name="Default test" time="20.128" errors="0" timestamp="18 Sep 2022 02:00:00 GMT">
  <testcase classname="SFDC.com.profileTest" name="getURL" time="7.522"/>
  <testcase classname="SFDC.com.profileTest" name="Usermenu_edit" time="4.783"/>
  <testcase classname="SFDC.com.profileTest" name="editclick" time="1.269"/>
  <testcase classname="SFDC.com.profileTest" name="edit_popup_tabs" time="0.141"/>
  <testcase classname="SFDC.com.profileTest" name="AboutTabLastName" time="2.657"/>
</testsuite> <!-- Default test -->
