<?xml version="1.0" encoding="UTF-8"?>
<!-- Generated by org.testng.reporters.JUnitXMLReporter -->
<testsuite ignored="0" hostname="DESKTOP-D2FAL3B" failures="0" tests="4" name="Default test" time="24.085" errors="0" timestamp="23 Aug 2022 19:03:40 GMT">
  <testcase classname="SFDC.com.LoginTest" name="getUrl" time="0.713"/>
  <testcase classname="SFDC.com.LoginTest" name="login" time="3.086"/>
  <testcase classname="SFDC.com.LoginTest" name="title" time="6.477"/>
  <testcase classname="SFDC.com.LoginTest" name="checkRememberme" time="8.14"/>
</testsuite> <!-- Default test -->
