<?xml version="1.0" encoding="UTF-8"?>
<!-- Generated by org.testng.reporters.JUnitXMLReporter -->
<testsuite ignored="0" hostname="DESKTOP-D2FAL3B" failures="0" tests="4" name="Test" time="21.591" errors="0" timestamp="28 Aug 2022 23:03:44 GMT">
  <testcase classname="SFDC.com.LoginTest" name="getUrl" time="0.748"/>
  <testcase classname="SFDC.com.LoginTest" name="login" time="2.587"/>
  <testcase classname="SFDC.com.LoginTest" name="title" time="5.538"/>
  <testcase classname="SFDC.com.LoginTest" name="checkRememberme" time="7.045"/>
</testsuite> <!-- Test -->
