<?xml version="1.0" encoding="UTF-8"?>
<testng-results ignored="0" total="4" passed="4" failed="0" skipped="0">
  <reporter-output>
  </reporter-output>
  <suite started-at="2022-08-28T23:03:23Z" name="Suite" finished-at="2022-08-28T23:03:44Z" duration-ms="21591">
    <groups>
    </groups>
    <test started-at="2022-08-28T23:03:23Z" name="Test" finished-at="2022-08-28T23:03:44Z" duration-ms="21591">
      <class name="SFDC.com.LoginTest">
        <test-method is-config="true" signature="extentReport()[pri:0, instance:SFDC.com.LoginTest@7ce97ee5]" started-at="2022-08-28T23:03:23Z" name="extentReport" finished-at="2022-08-28T23:03:23Z" duration-ms="261" status="PASS">
          <reporter-output>
          </reporter-output>
        </test-method> <!-- extentReport -->
        <test-method is-config="true" signature="driverIni()[pri:0, instance:SFDC.com.LoginTest@7ce97ee5]" started-at="2022-08-28T23:03:23Z" name="driverIni" finished-at="2022-08-28T23:03:26Z" duration-ms="3582" status="PASS">
          <reporter-output>
          </reporter-output>
        </test-method> <!-- driverIni -->
        <test-method is-config="true" signature="Call_extent()[pri:0, instance:SFDC.com.LoginTest@7ce97ee5]" started-at="2022-08-28T23:03:26Z" name="Call_extent" finished-at="2022-08-28T23:03:26Z" duration-ms="2" status="PASS">
          <reporter-output>
          </reporter-output>
        </test-method> <!-- Call_extent -->
        <test-method signature="getUrl()[pri:1, instance:SFDC.com.LoginTest@7ce97ee5]" started-at="2022-08-28T23:03:26Z" name="getUrl" finished-at="2022-08-28T23:03:27Z" duration-ms="748" status="PASS">
          <reporter-output>
          </reporter-output>
        </test-method> <!-- getUrl -->
        <test-method is-config="true" signature="end_extent()[pri:0, instance:SFDC.com.LoginTest@7ce97ee5]" started-at="2022-08-28T23:03:27Z" name="end_extent" finished-at="2022-08-28T23:03:28Z" duration-ms="1275" status="PASS">
          <reporter-output>
          </reporter-output>
        </test-method> <!-- end_extent -->
        <test-method is-config="true" signature="Call_extent()[pri:0, instance:SFDC.com.LoginTest@7ce97ee5]" started-at="2022-08-28T23:03:28Z" name="Call_extent" finished-at="2022-08-28T23:03:28Z" duration-ms="2" status="PASS">
          <reporter-output>
          </reporter-output>
        </test-method> <!-- Call_extent -->
        <test-method signature="login()[pri:2, instance:SFDC.com.LoginTest@7ce97ee5]" started-at="2022-08-28T23:03:28Z" name="login" finished-at="2022-08-28T23:03:31Z" duration-ms="2587" status="PASS">
          <reporter-output>
          </reporter-output>
        </test-method> <!-- login -->
        <test-method is-config="true" signature="end_extent()[pri:0, instance:SFDC.com.LoginTest@7ce97ee5]" started-at="2022-08-28T23:03:31Z" name="end_extent" finished-at="2022-08-28T23:03:31Z" duration-ms="113" status="PASS">
          <reporter-output>
          </reporter-output>
        </test-method> <!-- end_extent -->
        <test-method is-config="true" signature="Call_extent()[pri:0, instance:SFDC.com.LoginTest@7ce97ee5]" started-at="2022-08-28T23:03:31Z" name="Call_extent" finished-at="2022-08-28T23:03:31Z" duration-ms="1" status="PASS">
          <reporter-output>
          </reporter-output>
        </test-method> <!-- Call_extent -->
        <test-method signature="title()[pri:3, instance:SFDC.com.LoginTest@7ce97ee5]" started-at="2022-08-28T23:03:31Z" name="title" finished-at="2022-08-28T23:03:37Z" duration-ms="5538" status="PASS">
          <reporter-output>
          </reporter-output>
        </test-method> <!-- title -->
        <test-method is-config="true" signature="end_extent()[pri:0, instance:SFDC.com.LoginTest@7ce97ee5]" started-at="2022-08-28T23:03:37Z" name="end_extent" finished-at="2022-08-28T23:03:37Z" duration-ms="1" status="PASS">
          <reporter-output>
          </reporter-output>
        </test-method> <!-- end_extent -->
        <test-method is-config="true" signature="Call_extent()[pri:0, instance:SFDC.com.LoginTest@7ce97ee5]" started-at="2022-08-28T23:03:37Z" name="Call_extent" finished-at="2022-08-28T23:03:37Z" duration-ms="5" status="PASS">
          <reporter-output>
          </reporter-output>
        </test-method> <!-- Call_extent -->
        <test-method signature="checkRememberme()[pri:4, instance:SFDC.com.LoginTest@7ce97ee5]" started-at="2022-08-28T23:03:37Z" name="checkRememberme" finished-at="2022-08-28T23:03:44Z" duration-ms="7045" status="PASS">
          <reporter-output>
          </reporter-output>
        </test-method> <!-- checkRememberme -->
        <test-method is-config="true" signature="end_extent()[pri:0, instance:SFDC.com.LoginTest@7ce97ee5]" started-at="2022-08-28T23:03:44Z" name="end_extent" finished-at="2022-08-28T23:03:44Z" duration-ms="0" status="PASS">
          <reporter-output>
          </reporter-output>
        </test-method> <!-- end_extent -->
        <test-method is-config="true" signature="close()[pri:0, instance:SFDC.com.LoginTest@7ce97ee5]" started-at="2022-08-28T23:03:44Z" name="close" finished-at="2022-08-28T23:03:44Z" duration-ms="647" status="PASS">
          <reporter-output>
          </reporter-output>
        </test-method> <!-- close -->
        <test-method is-config="true" signature="extentEnd()[pri:0, instance:SFDC.com.LoginTest@7ce97ee5]" started-at="2022-08-28T23:03:44Z" name="extentEnd" finished-at="2022-08-28T23:03:44Z" duration-ms="1" status="PASS">
          <reporter-output>
          </reporter-output>
        </test-method> <!-- extentEnd -->
      </class> <!-- SFDC.com.LoginTest -->
    </test> <!-- Test -->
  </suite> <!-- Suite -->
</testng-results>
