<?xml version="1.0" encoding="UTF-8"?>
<testng-results ignored="0" total="4" passed="4" failed="0" skipped="0">
  <reporter-output>
  </reporter-output>
  <suite started-at="2022-08-23T19:03:16Z" name="Default suite" finished-at="2022-08-23T19:03:40Z" duration-ms="24085">
    <groups>
    </groups>
    <test started-at="2022-08-23T19:03:16Z" name="Default test" finished-at="2022-08-23T19:03:40Z" duration-ms="24085">
      <class name="SFDC.com.LoginTest">
        <test-method is-config="true" signature="extentReport()[pri:0, instance:SFDC.com.LoginTest@58359ebd]" started-at="2022-08-23T19:03:16Z" name="extentReport" finished-at="2022-08-23T19:03:16Z" duration-ms="266" status="PASS">
          <reporter-output>
          </reporter-output>
        </test-method> <!-- extentReport -->
        <test-method is-config="true" signature="driverIni()[pri:0, instance:SFDC.com.LoginTest@58359ebd]" started-at="2022-08-23T19:03:16Z" name="driverIni" finished-at="2022-08-23T19:03:19Z" duration-ms="3268" status="PASS">
          <reporter-output>
          </reporter-output>
        </test-method> <!-- driverIni -->
        <test-method is-config="true" signature="Call_extent()[pri:0, instance:SFDC.com.LoginTest@58359ebd]" started-at="2022-08-23T19:03:19Z" name="Call_extent" finished-at="2022-08-23T19:03:19Z" duration-ms="2" status="PASS">
          <reporter-output>
          </reporter-output>
        </test-method> <!-- Call_extent -->
        <test-method signature="getUrl()[pri:1, instance:SFDC.com.LoginTest@58359ebd]" started-at="2022-08-23T19:03:19Z" name="getUrl" finished-at="2022-08-23T19:03:20Z" duration-ms="713" status="PASS">
          <reporter-output>
          </reporter-output>
        </test-method> <!-- getUrl -->
        <test-method is-config="true" signature="end_extent()[pri:0, instance:SFDC.com.LoginTest@58359ebd]" started-at="2022-08-23T19:03:20Z" name="end_extent" finished-at="2022-08-23T19:03:21Z" duration-ms="1408" status="PASS">
          <reporter-output>
          </reporter-output>
        </test-method> <!-- end_extent -->
        <test-method is-config="true" signature="Call_extent()[pri:0, instance:SFDC.com.LoginTest@58359ebd]" started-at="2022-08-23T19:03:21Z" name="Call_extent" finished-at="2022-08-23T19:03:21Z" duration-ms="2" status="PASS">
          <reporter-output>
          </reporter-output>
        </test-method> <!-- Call_extent -->
        <test-method signature="login()[pri:2, instance:SFDC.com.LoginTest@58359ebd]" started-at="2022-08-23T19:03:21Z" name="login" finished-at="2022-08-23T19:03:24Z" duration-ms="3086" status="PASS">
          <reporter-output>
          </reporter-output>
        </test-method> <!-- login -->
        <test-method is-config="true" signature="end_extent()[pri:0, instance:SFDC.com.LoginTest@58359ebd]" started-at="2022-08-23T19:03:24Z" name="end_extent" finished-at="2022-08-23T19:03:25Z" duration-ms="169" status="PASS">
          <reporter-output>
          </reporter-output>
        </test-method> <!-- end_extent -->
        <test-method is-config="true" signature="Call_extent()[pri:0, instance:SFDC.com.LoginTest@58359ebd]" started-at="2022-08-23T19:03:25Z" name="Call_extent" finished-at="2022-08-23T19:03:25Z" duration-ms="5" status="PASS">
          <reporter-output>
          </reporter-output>
        </test-method> <!-- Call_extent -->
        <test-method signature="title()[pri:3, instance:SFDC.com.LoginTest@58359ebd]" started-at="2022-08-23T19:03:25Z" name="title" finished-at="2022-08-23T19:03:31Z" duration-ms="6477" status="PASS">
          <reporter-output>
          </reporter-output>
        </test-method> <!-- title -->
        <test-method is-config="true" signature="end_extent()[pri:0, instance:SFDC.com.LoginTest@58359ebd]" started-at="2022-08-23T19:03:31Z" name="end_extent" finished-at="2022-08-23T19:03:31Z" duration-ms="0" status="PASS">
          <reporter-output>
          </reporter-output>
        </test-method> <!-- end_extent -->
        <test-method is-config="true" signature="Call_extent()[pri:0, instance:SFDC.com.LoginTest@58359ebd]" started-at="2022-08-23T19:03:31Z" name="Call_extent" finished-at="2022-08-23T19:03:31Z" duration-ms="3" status="PASS">
          <reporter-output>
          </reporter-output>
        </test-method> <!-- Call_extent -->
        <test-method signature="checkRememberme()[pri:4, instance:SFDC.com.LoginTest@58359ebd]" started-at="2022-08-23T19:03:31Z" name="checkRememberme" finished-at="2022-08-23T19:03:39Z" duration-ms="8140" status="PASS">
          <reporter-output>
          </reporter-output>
        </test-method> <!-- checkRememberme -->
        <test-method is-config="true" signature="close()[pri:0, instance:SFDC.com.LoginTest@58359ebd]" started-at="2022-08-23T19:03:39Z" name="close" finished-at="2022-08-23T19:03:40Z" duration-ms="751" status="PASS">
          <reporter-output>
          </reporter-output>
        </test-method> <!-- close -->
        <test-method is-config="true" signature="end_extent()[pri:0, instance:SFDC.com.LoginTest@58359ebd]" started-at="2022-08-23T19:03:39Z" name="end_extent" finished-at="2022-08-23T19:03:39Z" duration-ms="0" status="PASS">
          <reporter-output>
          </reporter-output>
        </test-method> <!-- end_extent -->
        <test-method is-config="true" signature="extentEnd()[pri:0, instance:SFDC.com.LoginTest@58359ebd]" started-at="2022-08-23T19:03:40Z" name="extentEnd" finished-at="2022-08-23T19:03:40Z" duration-ms="1" status="PASS">
          <reporter-output>
          </reporter-output>
        </test-method> <!-- extentEnd -->
      </class> <!-- SFDC.com.LoginTest -->
    </test> <!-- Default test -->
  </suite> <!-- Default suite -->
</testng-results>
