<?xml version="1.0" encoding="UTF-8"?>
<testng-results ignored="0" total="4" passed="4" failed="0" skipped="0">
  <reporter-output>
  </reporter-output>
  <suite started-at="2022-08-28T22:59:51Z" name="Default suite" finished-at="2022-08-28T23:00:15Z" duration-ms="24004">
    <groups>
    </groups>
    <test started-at="2022-08-28T22:59:51Z" name="Default test" finished-at="2022-08-28T23:00:15Z" duration-ms="24004">
      <class name="SFDC.com.LoginTest">
        <test-method is-config="true" signature="extentReport()[pri:0, instance:SFDC.com.LoginTest@58359ebd]" started-at="2022-08-28T22:59:51Z" name="extentReport" finished-at="2022-08-28T22:59:51Z" duration-ms="236" status="PASS">
          <reporter-output>
          </reporter-output>
        </test-method> <!-- extentReport -->
        <test-method is-config="true" signature="driverIni()[pri:0, instance:SFDC.com.LoginTest@58359ebd]" started-at="2022-08-28T22:59:51Z" name="driverIni" finished-at="2022-08-28T22:59:56Z" duration-ms="5046" status="PASS">
          <reporter-output>
          </reporter-output>
        </test-method> <!-- driverIni -->
        <test-method is-config="true" signature="Call_extent()[pri:0, instance:SFDC.com.LoginTest@58359ebd]" started-at="2022-08-28T22:59:56Z" name="Call_extent" finished-at="2022-08-28T22:59:56Z" duration-ms="2" status="PASS">
          <reporter-output>
          </reporter-output>
        </test-method> <!-- Call_extent -->
        <test-method signature="getUrl()[pri:1, instance:SFDC.com.LoginTest@58359ebd]" started-at="2022-08-28T22:59:56Z" name="getUrl" finished-at="2022-08-28T22:59:57Z" duration-ms="830" status="PASS">
          <reporter-output>
          </reporter-output>
        </test-method> <!-- getUrl -->
        <test-method is-config="true" signature="end_extent()[pri:0, instance:SFDC.com.LoginTest@58359ebd]" started-at="2022-08-28T22:59:57Z" name="end_extent" finished-at="2022-08-28T22:59:58Z" duration-ms="1185" status="PASS">
          <reporter-output>
          </reporter-output>
        </test-method> <!-- end_extent -->
        <test-method is-config="true" signature="Call_extent()[pri:0, instance:SFDC.com.LoginTest@58359ebd]" started-at="2022-08-28T22:59:58Z" name="Call_extent" finished-at="2022-08-28T22:59:58Z" duration-ms="2" status="PASS">
          <reporter-output>
          </reporter-output>
        </test-method> <!-- Call_extent -->
        <test-method signature="login()[pri:2, instance:SFDC.com.LoginTest@58359ebd]" started-at="2022-08-28T22:59:58Z" name="login" finished-at="2022-08-28T23:00:00Z" duration-ms="2339" status="PASS">
          <reporter-output>
          </reporter-output>
        </test-method> <!-- login -->
        <test-method is-config="true" signature="end_extent()[pri:0, instance:SFDC.com.LoginTest@58359ebd]" started-at="2022-08-28T23:00:00Z" name="end_extent" finished-at="2022-08-28T23:00:01Z" duration-ms="216" status="PASS">
          <reporter-output>
          </reporter-output>
        </test-method> <!-- end_extent -->
        <test-method is-config="true" signature="Call_extent()[pri:0, instance:SFDC.com.LoginTest@58359ebd]" started-at="2022-08-28T23:00:01Z" name="Call_extent" finished-at="2022-08-28T23:00:01Z" duration-ms="2" status="PASS">
          <reporter-output>
          </reporter-output>
        </test-method> <!-- Call_extent -->
        <test-method signature="title()[pri:3, instance:SFDC.com.LoginTest@58359ebd]" started-at="2022-08-28T23:00:01Z" name="title" finished-at="2022-08-28T23:00:07Z" duration-ms="6822" status="PASS">
          <reporter-output>
          </reporter-output>
        </test-method> <!-- title -->
        <test-method is-config="true" signature="end_extent()[pri:0, instance:SFDC.com.LoginTest@58359ebd]" started-at="2022-08-28T23:00:07Z" name="end_extent" finished-at="2022-08-28T23:00:07Z" duration-ms="1" status="PASS">
          <reporter-output>
          </reporter-output>
        </test-method> <!-- end_extent -->
        <test-method is-config="true" signature="Call_extent()[pri:0, instance:SFDC.com.LoginTest@58359ebd]" started-at="2022-08-28T23:00:07Z" name="Call_extent" finished-at="2022-08-28T23:00:07Z" duration-ms="2" status="PASS">
          <reporter-output>
          </reporter-output>
        </test-method> <!-- Call_extent -->
        <test-method signature="checkRememberme()[pri:4, instance:SFDC.com.LoginTest@58359ebd]" started-at="2022-08-28T23:00:07Z" name="checkRememberme" finished-at="2022-08-28T23:00:14Z" duration-ms="6933" status="PASS">
          <reporter-output>
          </reporter-output>
        </test-method> <!-- checkRememberme -->
        <test-method is-config="true" signature="end_extent()[pri:0, instance:SFDC.com.LoginTest@58359ebd]" started-at="2022-08-28T23:00:14Z" name="end_extent" finished-at="2022-08-28T23:00:14Z" duration-ms="0" status="PASS">
          <reporter-output>
          </reporter-output>
        </test-method> <!-- end_extent -->
        <test-method is-config="true" signature="close()[pri:0, instance:SFDC.com.LoginTest@58359ebd]" started-at="2022-08-28T23:00:14Z" name="close" finished-at="2022-08-28T23:00:15Z" duration-ms="568" status="PASS">
          <reporter-output>
          </reporter-output>
        </test-method> <!-- close -->
        <test-method is-config="true" signature="extentEnd()[pri:0, instance:SFDC.com.LoginTest@58359ebd]" started-at="2022-08-28T23:00:15Z" name="extentEnd" finished-at="2022-08-28T23:00:15Z" duration-ms="0" status="PASS">
          <reporter-output>
          </reporter-output>
        </test-method> <!-- extentEnd -->
      </class> <!-- SFDC.com.LoginTest -->
    </test> <!-- Default test -->
  </suite> <!-- Default suite -->
</testng-results>
